Loading intel-compilers-19/19.0.0.117
  Loading requirement: intel-license gcc/8.2.0 intel-cc-19/19.0.0.117
    intel-fc-19/19.0.0.117
process neutron num is 500000 
process neutron num is 500000 
1.921915e+23
Simulation configured for reactor core of size 1m by 1m by 1m, timesteps=1001 dt=10ns
------------------------------------------------------------------------------------------------
Timestep: 100, model time is 1.000000e-06 secs, current runtime is 1.37 seconds. 1000000 active neutrons, 339206 fissions, releasing 6.784120e+07 MeV and 1.085459e-05 Joules
Timestep: 200, model time is 2.000000e-06 secs, current runtime is 2.62 seconds. 1000000 active neutrons, 693598 fissions, releasing 1.387196e+08 MeV and 2.219514e-05 Joules
Timestep: 300, model time is 3.000000e-06 secs, current runtime is 3.89 seconds. 1000000 active neutrons, 1047812 fissions, releasing 2.095624e+08 MeV and 3.352998e-05 Joules
Timestep: 400, model time is 4.000000e-06 secs, current runtime is 5.19 seconds. 1000000 active neutrons, 1401860 fissions, releasing 2.803720e+08 MeV and 4.485952e-05 Joules
Timestep: 500, model time is 5.000000e-06 secs, current runtime is 6.45 seconds. 1000000 active neutrons, 1756906 fissions, releasing 3.513812e+08 MeV and 5.622099e-05 Joules
Timestep: 600, model time is 6.000000e-06 secs, current runtime is 7.70 seconds. 1000000 active neutrons, 2111352 fissions, releasing 4.222704e+08 MeV and 6.756326e-05 Joules
Timestep: 700, model time is 7.000000e-06 secs, current runtime is 8.96 seconds. 1000000 active neutrons, 2465792 fissions, releasing 4.931584e+08 MeV and 7.890534e-05 Joules
Timestep: 800, model time is 8.000000e-06 secs, current runtime is 10.21 seconds. 1000000 active neutrons, 2819086 fissions, releasing 5.638172e+08 MeV and 9.021075e-05 Joules
Timestep: 900, model time is 9.000000e-06 secs, current runtime is 11.47 seconds. 1000000 active neutrons, 3172472 fissions, releasing 6.344944e+08 MeV and 1.015191e-04 Joules
Timestep: 1000, model time is 1.000000e-05 secs, current runtime is 12.73 seconds. 1000000 active neutrons, 3525938 fissions, releasing 7.051876e+08 MeV and 1.128300e-04 Joules
------------------------------------------------------------------------------------------------
Model completed after 1001 timesteps
Total model time: 0.000010 secs
Total fissions: 3525938 releasing 7.051876e+08 MeV and 1.128300e-04 Joules
Total runtime: 12.73 seconds
