Loading intel-compilers-19/19.0.0.117
  Loading requirement: intel-license gcc/8.2.0 intel-cc-19/19.0.0.117
    intel-fc-19/19.0.0.117

process 0's neutron num is 100000 
Simulation configured for reactor core of size 1m by 1m by 1m, timesteps=10000 dt=10ns
------------------------------------------------------------------------------------------------
Timestep: 100, model time is 1.000000e-06 secs, current runtime is 0.30 seconds. 800000 active neutrons, 274248 fissions, releasing 5.484960e+07 MeV and 8.775936e-06 Joules
Timestep: 200, model time is 2.000000e-06 secs, current runtime is 0.57 seconds. 800000 active neutrons, 560552 fissions, releasing 1.121104e+08 MeV and 1.793766e-05 Joules
Timestep: 300, model time is 3.000000e-06 secs, current runtime is 0.85 seconds. 800000 active neutrons, 850344 fissions, releasing 1.700688e+08 MeV and 2.721101e-05 Joules
Timestep: 400, model time is 4.000000e-06 secs, current runtime is 1.12 seconds. 800000 active neutrons, 1139688 fissions, releasing 2.279376e+08 MeV and 3.647002e-05 Joules
Timestep: 500, model time is 5.000000e-06 secs, current runtime is 1.40 seconds. 800000 active neutrons, 1427432 fissions, releasing 2.854864e+08 MeV and 4.567782e-05 Joules
Timestep: 600, model time is 6.000000e-06 secs, current runtime is 1.67 seconds. 800000 active neutrons, 1715936 fissions, releasing 3.431872e+08 MeV and 5.490995e-05 Joules
Timestep: 700, model time is 7.000000e-06 secs, current runtime is 1.95 seconds. 800000 active neutrons, 2002752 fissions, releasing 4.005504e+08 MeV and 6.408806e-05 Joules
Timestep: 800, model time is 8.000000e-06 secs, current runtime is 2.22 seconds. 800000 active neutrons, 2293296 fissions, releasing 4.586592e+08 MeV and 7.338547e-05 Joules
Timestep: 900, model time is 9.000000e-06 secs, current runtime is 2.50 seconds. 800000 active neutrons, 2580176 fissions, releasing 5.160352e+08 MeV and 8.256563e-05 Joules
Timestep: 1000, model time is 1.000000e-05 secs, current runtime is 2.77 seconds. 800000 active neutrons, 2869416 fissions, releasing 5.738832e+08 MeV and 9.182131e-05 Joules
Timestep: 1100, model time is 1.100000e-05 secs, current runtime is 3.05 seconds. 800000 active neutrons, 3155424 fissions, releasing 6.310848e+08 MeV and 1.009736e-04 Joules
Timestep: 1200, model time is 1.200000e-05 secs, current runtime is 3.32 seconds. 800000 active neutrons, 3440848 fissions, releasing 6.881696e+08 MeV and 1.101071e-04 Joules
Timestep: 1300, model time is 1.300000e-05 secs, current runtime is 3.60 seconds. 800000 active neutrons, 3726808 fissions, releasing 7.453616e+08 MeV and 1.192579e-04 Joules
Timestep: 1400, model time is 1.400000e-05 secs, current runtime is 3.87 seconds. 800000 active neutrons, 4014448 fissions, releasing 8.028896e+08 MeV and 1.284623e-04 Joules
Timestep: 1500, model time is 1.500000e-05 secs, current runtime is 4.14 seconds. 800000 active neutrons, 4303224 fissions, releasing 8.606448e+08 MeV and 1.377032e-04 Joules
Timestep: 1600, model time is 1.600000e-05 secs, current runtime is 4.42 seconds. 800000 active neutrons, 4591616 fissions, releasing 9.183232e+08 MeV and 1.469317e-04 Joules
Timestep: 1700, model time is 1.700000e-05 secs, current runtime is 4.69 seconds. 800000 active neutrons, 4879008 fissions, releasing 9.758016e+08 MeV and 1.561283e-04 Joules
Timestep: 1800, model time is 1.800000e-05 secs, current runtime is 4.97 seconds. 800000 active neutrons, 5163176 fissions, releasing 1.032635e+09 MeV and 1.652216e-04 Joules
Timestep: 1900, model time is 1.900000e-05 secs, current runtime is 5.24 seconds. 800000 active neutrons, 5452184 fissions, releasing 1.090437e+09 MeV and 1.744699e-04 Joules
Timestep: 2000, model time is 2.000000e-05 secs, current runtime is 5.52 seconds. 800000 active neutrons, 5736784 fissions, releasing 1.147357e+09 MeV and 1.835771e-04 Joules
Timestep: 2100, model time is 2.100000e-05 secs, current runtime is 5.79 seconds. 800000 active neutrons, 6023944 fissions, releasing 1.204789e+09 MeV and 1.927662e-04 Joules
Timestep: 2200, model time is 2.200000e-05 secs, current runtime is 6.06 seconds. 800000 active neutrons, 6312456 fissions, releasing 1.262491e+09 MeV and 2.019986e-04 Joules
Timestep: 2300, model time is 2.300000e-05 secs, current runtime is 6.34 seconds. 800000 active neutrons, 6600312 fissions, releasing 1.320062e+09 MeV and 2.112100e-04 Joules
Timestep: 2400, model time is 2.400000e-05 secs, current runtime is 6.61 seconds. 800000 active neutrons, 6889240 fissions, releasing 1.377848e+09 MeV and 2.204557e-04 Joules
Timestep: 2500, model time is 2.500000e-05 secs, current runtime is 6.89 seconds. 800000 active neutrons, 7175752 fissions, releasing 1.435150e+09 MeV and 2.296241e-04 Joules
Timestep: 2600, model time is 2.600000e-05 secs, current runtime is 7.16 seconds. 800000 active neutrons, 7465536 fissions, releasing 1.493107e+09 MeV and 2.388972e-04 Joules
Timestep: 2700, model time is 2.700000e-05 secs, current runtime is 7.43 seconds. 800000 active neutrons, 7753424 fissions, releasing 1.550685e+09 MeV and 2.481096e-04 Joules
Timestep: 2800, model time is 2.800000e-05 secs, current runtime is 7.70 seconds. 800000 active neutrons, 8043120 fissions, releasing 1.608624e+09 MeV and 2.573798e-04 Joules
Timestep: 2900, model time is 2.900000e-05 secs, current runtime is 7.98 seconds. 800000 active neutrons, 8331472 fissions, releasing 1.666294e+09 MeV and 2.666071e-04 Joules
Timestep: 3000, model time is 3.000000e-05 secs, current runtime is 8.25 seconds. 800000 active neutrons, 8620416 fissions, releasing 1.724083e+09 MeV and 2.758533e-04 Joules
Timestep: 3100, model time is 3.100000e-05 secs, current runtime is 8.53 seconds. 800000 active neutrons, 8907712 fissions, releasing 1.781542e+09 MeV and 2.850468e-04 Joules
Timestep: 3200, model time is 3.200000e-05 secs, current runtime is 8.80 seconds. 800000 active neutrons, 9195000 fissions, releasing 1.839000e+09 MeV and 2.942400e-04 Joules
Timestep: 3300, model time is 3.300000e-05 secs, current runtime is 9.08 seconds. 800000 active neutrons, 9480496 fissions, releasing 1.896099e+09 MeV and 3.033759e-04 Joules
Timestep: 3400, model time is 3.400000e-05 secs, current runtime is 9.35 seconds. 800000 active neutrons, 9767264 fissions, releasing 1.953453e+09 MeV and 3.125524e-04 Joules
Timestep: 3500, model time is 3.500000e-05 secs, current runtime is 9.63 seconds. 800000 active neutrons, 10052504 fissions, releasing 2.010501e+09 MeV and 3.216801e-04 Joules
Timestep: 3600, model time is 3.600000e-05 secs, current runtime is 9.90 seconds. 800000 active neutrons, 10343608 fissions, releasing 2.068722e+09 MeV and 3.309955e-04 Joules
Timestep: 3700, model time is 3.700000e-05 secs, current runtime is 10.18 seconds. 800000 active neutrons, 10631000 fissions, releasing 2.126200e+09 MeV and 3.401920e-04 Joules
Timestep: 3800, model time is 3.800000e-05 secs, current runtime is 10.45 seconds. 800000 active neutrons, 10917048 fissions, releasing 2.183410e+09 MeV and 3.493455e-04 Joules
Timestep: 3900, model time is 3.900000e-05 secs, current runtime is 10.72 seconds. 800000 active neutrons, 11202824 fissions, releasing 2.240565e+09 MeV and 3.584904e-04 Joules
Timestep: 4000, model time is 4.000000e-05 secs, current runtime is 10.99 seconds. 800000 active neutrons, 11486360 fissions, releasing 2.297272e+09 MeV and 3.675635e-04 Joules
Timestep: 4100, model time is 4.100000e-05 secs, current runtime is 11.26 seconds. 800000 active neutrons, 11772976 fissions, releasing 2.354595e+09 MeV and 3.767352e-04 Joules
Timestep: 4200, model time is 4.200000e-05 secs, current runtime is 11.53 seconds. 800000 active neutrons, 12059712 fissions, releasing 2.411942e+09 MeV and 3.859108e-04 Joules
Timestep: 4300, model time is 4.300000e-05 secs, current runtime is 11.80 seconds. 800000 active neutrons, 12345880 fissions, releasing 2.469176e+09 MeV and 3.950682e-04 Joules
Timestep: 4400, model time is 4.400000e-05 secs, current runtime is 12.08 seconds. 800000 active neutrons, 12634904 fissions, releasing 2.526981e+09 MeV and 4.043169e-04 Joules
Timestep: 4500, model time is 4.500000e-05 secs, current runtime is 12.35 seconds. 800000 active neutrons, 12923944 fissions, releasing 2.584789e+09 MeV and 4.135662e-04 Joules
Timestep: 4600, model time is 4.600000e-05 secs, current runtime is 12.63 seconds. 800000 active neutrons, 13211920 fissions, releasing 2.642384e+09 MeV and 4.227814e-04 Joules
Timestep: 4700, model time is 4.700000e-05 secs, current runtime is 12.91 seconds. 800000 active neutrons, 13496456 fissions, releasing 2.699291e+09 MeV and 4.318866e-04 Joules
Timestep: 4800, model time is 4.800000e-05 secs, current runtime is 13.18 seconds. 800000 active neutrons, 13784528 fissions, releasing 2.756906e+09 MeV and 4.411049e-04 Joules
Timestep: 4900, model time is 4.900000e-05 secs, current runtime is 13.45 seconds. 800000 active neutrons, 14073472 fissions, releasing 2.814694e+09 MeV and 4.503511e-04 Joules
Timestep: 5000, model time is 5.000000e-05 secs, current runtime is 13.72 seconds. 800000 active neutrons, 14361016 fissions, releasing 2.872203e+09 MeV and 4.595525e-04 Joules
Timestep: 5100, model time is 5.100000e-05 secs, current runtime is 13.99 seconds. 800000 active neutrons, 14648920 fissions, releasing 2.929784e+09 MeV and 4.687654e-04 Joules
Timestep: 5200, model time is 5.200000e-05 secs, current runtime is 14.27 seconds. 800000 active neutrons, 14938488 fissions, releasing 2.987698e+09 MeV and 4.780316e-04 Joules
Timestep: 5300, model time is 5.300000e-05 secs, current runtime is 14.55 seconds. 800000 active neutrons, 15226008 fissions, releasing 3.045202e+09 MeV and 4.872323e-04 Joules
Timestep: 5400, model time is 5.400000e-05 secs, current runtime is 14.82 seconds. 800000 active neutrons, 15515912 fissions, releasing 3.103182e+09 MeV and 4.965092e-04 Joules
Timestep: 5500, model time is 5.500000e-05 secs, current runtime is 15.09 seconds. 800000 active neutrons, 15803632 fissions, releasing 3.160726e+09 MeV and 5.057162e-04 Joules
Timestep: 5600, model time is 5.600000e-05 secs, current runtime is 15.37 seconds. 800000 active neutrons, 16092312 fissions, releasing 3.218462e+09 MeV and 5.149540e-04 Joules
Timestep: 5700, model time is 5.700000e-05 secs, current runtime is 15.64 seconds. 800000 active neutrons, 16378984 fissions, releasing 3.275797e+09 MeV and 5.241275e-04 Joules
Timestep: 5800, model time is 5.800000e-05 secs, current runtime is 15.91 seconds. 800000 active neutrons, 16668880 fissions, releasing 3.333776e+09 MeV and 5.334042e-04 Joules
Timestep: 5900, model time is 5.900000e-05 secs, current runtime is 16.18 seconds. 800000 active neutrons, 16957376 fissions, releasing 3.391475e+09 MeV and 5.426360e-04 Joules
Timestep: 6000, model time is 6.000000e-05 secs, current runtime is 16.45 seconds. 800000 active neutrons, 17245312 fissions, releasing 3.449062e+09 MeV and 5.518500e-04 Joules
Timestep: 6100, model time is 6.100000e-05 secs, current runtime is 16.73 seconds. 800000 active neutrons, 17532320 fissions, releasing 3.506464e+09 MeV and 5.610342e-04 Joules
Timestep: 6200, model time is 6.200000e-05 secs, current runtime is 17.00 seconds. 800000 active neutrons, 17820456 fissions, releasing 3.564091e+09 MeV and 5.702546e-04 Joules
Timestep: 6300, model time is 6.300000e-05 secs, current runtime is 17.27 seconds. 800000 active neutrons, 18108760 fissions, releasing 3.621752e+09 MeV and 5.794803e-04 Joules
Timestep: 6400, model time is 6.400000e-05 secs, current runtime is 17.54 seconds. 800000 active neutrons, 18393768 fissions, releasing 3.678754e+09 MeV and 5.886006e-04 Joules
Timestep: 6500, model time is 6.500000e-05 secs, current runtime is 17.81 seconds. 800000 active neutrons, 18677896 fissions, releasing 3.735579e+09 MeV and 5.976927e-04 Joules
Timestep: 6600, model time is 6.600000e-05 secs, current runtime is 18.08 seconds. 800000 active neutrons, 18967128 fissions, releasing 3.793426e+09 MeV and 6.069481e-04 Joules
Timestep: 6700, model time is 6.700000e-05 secs, current runtime is 18.37 seconds. 800000 active neutrons, 19253480 fissions, releasing 3.850696e+09 MeV and 6.161114e-04 Joules
Timestep: 6800, model time is 6.800000e-05 secs, current runtime is 18.66 seconds. 800000 active neutrons, 19539776 fissions, releasing 3.907955e+09 MeV and 6.252728e-04 Joules
Timestep: 6900, model time is 6.900000e-05 secs, current runtime is 18.93 seconds. 800000 active neutrons, 19823008 fissions, releasing 3.964602e+09 MeV and 6.343363e-04 Joules
Timestep: 7000, model time is 7.000000e-05 secs, current runtime is 19.20 seconds. 800000 active neutrons, 20109520 fissions, releasing 4.021904e+09 MeV and 6.435046e-04 Joules
Timestep: 7100, model time is 7.100000e-05 secs, current runtime is 19.48 seconds. 800000 active neutrons, 20395896 fissions, releasing 4.079179e+09 MeV and 6.526687e-04 Joules
Timestep: 7200, model time is 7.200000e-05 secs, current runtime is 19.75 seconds. 800000 active neutrons, 20684744 fissions, releasing 4.136949e+09 MeV and 6.619118e-04 Joules
Timestep: 7300, model time is 7.300000e-05 secs, current runtime is 20.02 seconds. 800000 active neutrons, 20971864 fissions, releasing 4.194373e+09 MeV and 6.710996e-04 Joules
Timestep: 7400, model time is 7.400000e-05 secs, current runtime is 20.29 seconds. 800000 active neutrons, 21258144 fissions, releasing 4.251629e+09 MeV and 6.802606e-04 Joules
Timestep: 7500, model time is 7.500000e-05 secs, current runtime is 20.56 seconds. 800000 active neutrons, 21544904 fissions, releasing 4.308981e+09 MeV and 6.894369e-04 Joules
Timestep: 7600, model time is 7.600000e-05 secs, current runtime is 20.84 seconds. 800000 active neutrons, 21832240 fissions, releasing 4.366448e+09 MeV and 6.986317e-04 Joules
Timestep: 7700, model time is 7.700000e-05 secs, current runtime is 21.11 seconds. 800000 active neutrons, 22124184 fissions, releasing 4.424837e+09 MeV and 7.079739e-04 Joules
Timestep: 7800, model time is 7.800000e-05 secs, current runtime is 21.39 seconds. 800000 active neutrons, 22412080 fissions, releasing 4.482416e+09 MeV and 7.171866e-04 Joules
Timestep: 7900, model time is 7.900000e-05 secs, current runtime is 21.66 seconds. 800000 active neutrons, 22701104 fissions, releasing 4.540221e+09 MeV and 7.264353e-04 Joules
Timestep: 8000, model time is 8.000000e-05 secs, current runtime is 21.96 seconds. 800000 active neutrons, 22988296 fissions, releasing 4.597659e+09 MeV and 7.356255e-04 Joules
Timestep: 8100, model time is 8.100000e-05 secs, current runtime is 22.23 seconds. 800000 active neutrons, 23273200 fissions, releasing 4.654640e+09 MeV and 7.447424e-04 Joules
Timestep: 8200, model time is 8.200000e-05 secs, current runtime is 22.51 seconds. 800000 active neutrons, 23561648 fissions, releasing 4.712330e+09 MeV and 7.539727e-04 Joules
Timestep: 8300, model time is 8.300000e-05 secs, current runtime is 22.78 seconds. 800000 active neutrons, 23849520 fissions, releasing 4.769904e+09 MeV and 7.631846e-04 Joules
Timestep: 8400, model time is 8.400000e-05 secs, current runtime is 23.05 seconds. 800000 active neutrons, 24134752 fissions, releasing 4.826950e+09 MeV and 7.723121e-04 Joules
Timestep: 8500, model time is 8.500000e-05 secs, current runtime is 23.32 seconds. 800000 active neutrons, 24421696 fissions, releasing 4.884339e+09 MeV and 7.814943e-04 Joules
Timestep: 8600, model time is 8.600000e-05 secs, current runtime is 23.60 seconds. 800000 active neutrons, 24708896 fissions, releasing 4.941779e+09 MeV and 7.906847e-04 Joules
Timestep: 8700, model time is 8.700000e-05 secs, current runtime is 23.88 seconds. 800000 active neutrons, 24998928 fissions, releasing 4.999786e+09 MeV and 7.999657e-04 Joules
Timestep: 8800, model time is 8.800000e-05 secs, current runtime is 24.15 seconds. 800000 active neutrons, 25286400 fissions, releasing 5.057280e+09 MeV and 8.091648e-04 Joules
Timestep: 8900, model time is 8.900000e-05 secs, current runtime is 24.42 seconds. 800000 active neutrons, 25574648 fissions, releasing 5.114930e+09 MeV and 8.183887e-04 Joules
Timestep: 9000, model time is 9.000000e-05 secs, current runtime is 24.69 seconds. 800000 active neutrons, 25863224 fissions, releasing 5.172645e+09 MeV and 8.276232e-04 Joules
Timestep: 9100, model time is 9.100000e-05 secs, current runtime is 24.97 seconds. 800000 active neutrons, 26152144 fissions, releasing 5.230429e+09 MeV and 8.368686e-04 Joules
Timestep: 9200, model time is 9.200000e-05 secs, current runtime is 25.24 seconds. 800000 active neutrons, 26439096 fissions, releasing 5.287819e+09 MeV and 8.460511e-04 Joules
Timestep: 9300, model time is 9.300000e-05 secs, current runtime is 25.52 seconds. 800000 active neutrons, 26728456 fissions, releasing 5.345691e+09 MeV and 8.553106e-04 Joules
Timestep: 9400, model time is 9.400000e-05 secs, current runtime is 25.79 seconds. 800000 active neutrons, 27012352 fissions, releasing 5.402470e+09 MeV and 8.643953e-04 Joules
Timestep: 9500, model time is 9.500000e-05 secs, current runtime is 26.06 seconds. 800000 active neutrons, 27301816 fissions, releasing 5.460363e+09 MeV and 8.736581e-04 Joules
Timestep: 9600, model time is 9.600000e-05 secs, current runtime is 26.34 seconds. 800000 active neutrons, 27589816 fissions, releasing 5.517963e+09 MeV and 8.828741e-04 Joules
Timestep: 9700, model time is 9.700000e-05 secs, current runtime is 26.61 seconds. 800000 active neutrons, 27876024 fissions, releasing 5.575205e+09 MeV and 8.920328e-04 Joules
Timestep: 9800, model time is 9.800000e-05 secs, current runtime is 26.89 seconds. 800000 active neutrons, 28160840 fissions, releasing 5.632168e+09 MeV and 9.011469e-04 Joules
Timestep: 9900, model time is 9.900000e-05 secs, current runtime is 27.16 seconds. 800000 active neutrons, 28448944 fissions, releasing 5.689789e+09 MeV and 9.103662e-04 Joules
------------------------------------------------------------------------------------------------
Model completed after 10000 timesteps
Total model time: 0.000100 secs
Total fissions: 28732504 releasing 5.746501e+09 MeV and 9.194401e-04 Joules
Total runtime: 27.43 seconds
