Loading intel-compilers-19/19.0.0.117
  Loading requirement: intel-license gcc/8.2.0 intel-cc-19/19.0.0.117
    intel-fc-19/19.0.0.117
srun: Warning: can't honor --ntasks-per-node set to 9 which doesn't match the requested tasks 12 with the number of requested nodes 3. Ignoring --ntasks-per-node.

process 0's neutron num is 100000 
Simulation configured for reactor core of size 1m by 1m by 1m, timesteps=10000 dt=10ns
------------------------------------------------------------------------------------------------
Timestep: 100, model time is 1.000000e-06 secs, current runtime is 0.32 seconds. 1200000 active neutrons, 411372 fissions, releasing 8.227440e+07 MeV and 1.316390e-05 Joules
Timestep: 200, model time is 2.000000e-06 secs, current runtime is 0.61 seconds. 1200000 active neutrons, 840828 fissions, releasing 1.681656e+08 MeV and 2.690650e-05 Joules
Timestep: 300, model time is 3.000000e-06 secs, current runtime is 0.89 seconds. 1200000 active neutrons, 1275516 fissions, releasing 2.551032e+08 MeV and 4.081651e-05 Joules
Timestep: 400, model time is 4.000000e-06 secs, current runtime is 1.17 seconds. 1200000 active neutrons, 1709532 fissions, releasing 3.419064e+08 MeV and 5.470502e-05 Joules
Timestep: 500, model time is 5.000000e-06 secs, current runtime is 1.45 seconds. 1200000 active neutrons, 2141148 fissions, releasing 4.282296e+08 MeV and 6.851674e-05 Joules
Timestep: 600, model time is 6.000000e-06 secs, current runtime is 1.73 seconds. 1200000 active neutrons, 2573904 fissions, releasing 5.147808e+08 MeV and 8.236493e-05 Joules
Timestep: 700, model time is 7.000000e-06 secs, current runtime is 2.03 seconds. 1200000 active neutrons, 3004128 fissions, releasing 6.008256e+08 MeV and 9.613210e-05 Joules
Timestep: 800, model time is 8.000000e-06 secs, current runtime is 2.33 seconds. 1200000 active neutrons, 3439944 fissions, releasing 6.879888e+08 MeV and 1.100782e-04 Joules
Timestep: 900, model time is 9.000000e-06 secs, current runtime is 2.62 seconds. 1200000 active neutrons, 3870264 fissions, releasing 7.740528e+08 MeV and 1.238484e-04 Joules
Timestep: 1000, model time is 1.000000e-05 secs, current runtime is 2.91 seconds. 1200000 active neutrons, 4304124 fissions, releasing 8.608248e+08 MeV and 1.377320e-04 Joules
Timestep: 1100, model time is 1.100000e-05 secs, current runtime is 3.19 seconds. 1200000 active neutrons, 4733136 fissions, releasing 9.466272e+08 MeV and 1.514604e-04 Joules
Timestep: 1200, model time is 1.200000e-05 secs, current runtime is 3.47 seconds. 1200000 active neutrons, 5161272 fissions, releasing 1.032254e+09 MeV and 1.651607e-04 Joules
Timestep: 1300, model time is 1.300000e-05 secs, current runtime is 3.75 seconds. 1200000 active neutrons, 5590212 fissions, releasing 1.118042e+09 MeV and 1.788868e-04 Joules
Timestep: 1400, model time is 1.400000e-05 secs, current runtime is 4.03 seconds. 1200000 active neutrons, 6021672 fissions, releasing 1.204334e+09 MeV and 1.926935e-04 Joules
Timestep: 1500, model time is 1.500000e-05 secs, current runtime is 4.31 seconds. 1200000 active neutrons, 6454836 fissions, releasing 1.290967e+09 MeV and 2.065548e-04 Joules
Timestep: 1600, model time is 1.600000e-05 secs, current runtime is 4.59 seconds. 1200000 active neutrons, 6887424 fissions, releasing 1.377485e+09 MeV and 2.203976e-04 Joules
Timestep: 1700, model time is 1.700000e-05 secs, current runtime is 4.87 seconds. 1200000 active neutrons, 7318512 fissions, releasing 1.463702e+09 MeV and 2.341924e-04 Joules
Timestep: 1800, model time is 1.800000e-05 secs, current runtime is 5.15 seconds. 1200000 active neutrons, 7744764 fissions, releasing 1.548953e+09 MeV and 2.478324e-04 Joules
Timestep: 1900, model time is 1.900000e-05 secs, current runtime is 5.43 seconds. 1200000 active neutrons, 8178276 fissions, releasing 1.635655e+09 MeV and 2.617048e-04 Joules
Timestep: 2000, model time is 2.000000e-05 secs, current runtime is 5.71 seconds. 1200000 active neutrons, 8605176 fissions, releasing 1.721035e+09 MeV and 2.753656e-04 Joules
Timestep: 2100, model time is 2.100000e-05 secs, current runtime is 6.00 seconds. 1200000 active neutrons, 9035916 fissions, releasing 1.807183e+09 MeV and 2.891493e-04 Joules
Timestep: 2200, model time is 2.200000e-05 secs, current runtime is 6.28 seconds. 1200000 active neutrons, 9468684 fissions, releasing 1.893737e+09 MeV and 3.029979e-04 Joules
Timestep: 2300, model time is 2.300000e-05 secs, current runtime is 6.56 seconds. 1200000 active neutrons, 9900468 fissions, releasing 1.980094e+09 MeV and 3.168150e-04 Joules
Timestep: 2400, model time is 2.400000e-05 secs, current runtime is 6.84 seconds. 1200000 active neutrons, 10333860 fissions, releasing 2.066772e+09 MeV and 3.306835e-04 Joules
Timestep: 2500, model time is 2.500000e-05 secs, current runtime is 7.12 seconds. 1200000 active neutrons, 10763628 fissions, releasing 2.152726e+09 MeV and 3.444361e-04 Joules
Timestep: 2600, model time is 2.600000e-05 secs, current runtime is 7.40 seconds. 1200000 active neutrons, 11198304 fissions, releasing 2.239661e+09 MeV and 3.583457e-04 Joules
Timestep: 2700, model time is 2.700000e-05 secs, current runtime is 7.68 seconds. 1200000 active neutrons, 11630136 fissions, releasing 2.326027e+09 MeV and 3.721644e-04 Joules
Timestep: 2800, model time is 2.800000e-05 secs, current runtime is 7.96 seconds. 1200000 active neutrons, 12064680 fissions, releasing 2.412936e+09 MeV and 3.860698e-04 Joules
Timestep: 2900, model time is 2.900000e-05 secs, current runtime is 8.25 seconds. 1200000 active neutrons, 12497208 fissions, releasing 2.499442e+09 MeV and 3.999107e-04 Joules
Timestep: 3000, model time is 3.000000e-05 secs, current runtime is 8.53 seconds. 1200000 active neutrons, 12930624 fissions, releasing 2.586125e+09 MeV and 4.137800e-04 Joules
Timestep: 3100, model time is 3.100000e-05 secs, current runtime is 8.81 seconds. 1200000 active neutrons, 13361568 fissions, releasing 2.672314e+09 MeV and 4.275702e-04 Joules
Timestep: 3200, model time is 3.200000e-05 secs, current runtime is 9.09 seconds. 1200000 active neutrons, 13792500 fissions, releasing 2.758500e+09 MeV and 4.413600e-04 Joules
Timestep: 3300, model time is 3.300000e-05 secs, current runtime is 9.37 seconds. 1200000 active neutrons, 14220744 fissions, releasing 2.844149e+09 MeV and 4.550638e-04 Joules
Timestep: 3400, model time is 3.400000e-05 secs, current runtime is 9.65 seconds. 1200000 active neutrons, 14650896 fissions, releasing 2.930179e+09 MeV and 4.688287e-04 Joules
Timestep: 3500, model time is 3.500000e-05 secs, current runtime is 9.93 seconds. 1200000 active neutrons, 15078756 fissions, releasing 3.015751e+09 MeV and 4.825202e-04 Joules
Timestep: 3600, model time is 3.600000e-05 secs, current runtime is 10.21 seconds. 1200000 active neutrons, 15515412 fissions, releasing 3.103082e+09 MeV and 4.964932e-04 Joules
Timestep: 3700, model time is 3.700000e-05 secs, current runtime is 10.49 seconds. 1200000 active neutrons, 15946500 fissions, releasing 3.189300e+09 MeV and 5.102880e-04 Joules
Timestep: 3800, model time is 3.800000e-05 secs, current runtime is 10.77 seconds. 1200000 active neutrons, 16375572 fissions, releasing 3.275114e+09 MeV and 5.240183e-04 Joules
Timestep: 3900, model time is 3.900000e-05 secs, current runtime is 11.05 seconds. 1200000 active neutrons, 16804236 fissions, releasing 3.360847e+09 MeV and 5.377356e-04 Joules
Timestep: 4000, model time is 4.000000e-05 secs, current runtime is 11.33 seconds. 1200000 active neutrons, 17229540 fissions, releasing 3.445908e+09 MeV and 5.513453e-04 Joules
Timestep: 4100, model time is 4.100000e-05 secs, current runtime is 11.61 seconds. 1200000 active neutrons, 17659464 fissions, releasing 3.531893e+09 MeV and 5.651028e-04 Joules
Timestep: 4200, model time is 4.200000e-05 secs, current runtime is 11.89 seconds. 1200000 active neutrons, 18089568 fissions, releasing 3.617914e+09 MeV and 5.788662e-04 Joules
Timestep: 4300, model time is 4.300000e-05 secs, current runtime is 12.18 seconds. 1200000 active neutrons, 18518820 fissions, releasing 3.703764e+09 MeV and 5.926022e-04 Joules
Timestep: 4400, model time is 4.400000e-05 secs, current runtime is 12.46 seconds. 1200000 active neutrons, 18952356 fissions, releasing 3.790471e+09 MeV and 6.064754e-04 Joules
Timestep: 4500, model time is 4.500000e-05 secs, current runtime is 12.74 seconds. 1200000 active neutrons, 19385916 fissions, releasing 3.877183e+09 MeV and 6.203493e-04 Joules
Timestep: 4600, model time is 4.600000e-05 secs, current runtime is 13.02 seconds. 1200000 active neutrons, 19817880 fissions, releasing 3.963576e+09 MeV and 6.341722e-04 Joules
Timestep: 4700, model time is 4.700000e-05 secs, current runtime is 13.30 seconds. 1200000 active neutrons, 20244684 fissions, releasing 4.048937e+09 MeV and 6.478299e-04 Joules
Timestep: 4800, model time is 4.800000e-05 secs, current runtime is 13.58 seconds. 1200000 active neutrons, 20676792 fissions, releasing 4.135358e+09 MeV and 6.616573e-04 Joules
Timestep: 4900, model time is 4.900000e-05 secs, current runtime is 13.86 seconds. 1200000 active neutrons, 21110208 fissions, releasing 4.222042e+09 MeV and 6.755267e-04 Joules
Timestep: 5000, model time is 5.000000e-05 secs, current runtime is 14.14 seconds. 1200000 active neutrons, 21541524 fissions, releasing 4.308305e+09 MeV and 6.893288e-04 Joules
Timestep: 5100, model time is 5.100000e-05 secs, current runtime is 14.42 seconds. 1200000 active neutrons, 21973380 fissions, releasing 4.394676e+09 MeV and 7.031482e-04 Joules
Timestep: 5200, model time is 5.200000e-05 secs, current runtime is 14.70 seconds. 1200000 active neutrons, 22407732 fissions, releasing 4.481546e+09 MeV and 7.170474e-04 Joules
Timestep: 5300, model time is 5.300000e-05 secs, current runtime is 14.99 seconds. 1200000 active neutrons, 22839012 fissions, releasing 4.567802e+09 MeV and 7.308484e-04 Joules
Timestep: 5400, model time is 5.400000e-05 secs, current runtime is 15.29 seconds. 1200000 active neutrons, 23273868 fissions, releasing 4.654774e+09 MeV and 7.447638e-04 Joules
Timestep: 5500, model time is 5.500000e-05 secs, current runtime is 15.57 seconds. 1200000 active neutrons, 23705448 fissions, releasing 4.741090e+09 MeV and 7.585743e-04 Joules
Timestep: 5600, model time is 5.600000e-05 secs, current runtime is 15.86 seconds. 1200000 active neutrons, 24138468 fissions, releasing 4.827694e+09 MeV and 7.724310e-04 Joules
Timestep: 5700, model time is 5.700000e-05 secs, current runtime is 16.14 seconds. 1200000 active neutrons, 24568476 fissions, releasing 4.913695e+09 MeV and 7.861912e-04 Joules
Timestep: 5800, model time is 5.800000e-05 secs, current runtime is 16.42 seconds. 1200000 active neutrons, 25003320 fissions, releasing 5.000664e+09 MeV and 8.001062e-04 Joules
Timestep: 5900, model time is 5.900000e-05 secs, current runtime is 16.70 seconds. 1200000 active neutrons, 25436064 fissions, releasing 5.087213e+09 MeV and 8.139540e-04 Joules
Timestep: 6000, model time is 6.000000e-05 secs, current runtime is 16.98 seconds. 1200000 active neutrons, 25867968 fissions, releasing 5.173594e+09 MeV and 8.277750e-04 Joules
Timestep: 6100, model time is 6.100000e-05 secs, current runtime is 17.26 seconds. 1200000 active neutrons, 26298480 fissions, releasing 5.259696e+09 MeV and 8.415514e-04 Joules
Timestep: 6200, model time is 6.200000e-05 secs, current runtime is 17.54 seconds. 1200000 active neutrons, 26730684 fissions, releasing 5.346137e+09 MeV and 8.553819e-04 Joules
Timestep: 6300, model time is 6.300000e-05 secs, current runtime is 17.82 seconds. 1200000 active neutrons, 27163140 fissions, releasing 5.432628e+09 MeV and 8.692205e-04 Joules
Timestep: 6400, model time is 6.400000e-05 secs, current runtime is 18.10 seconds. 1200000 active neutrons, 27590652 fissions, releasing 5.518130e+09 MeV and 8.829009e-04 Joules
Timestep: 6500, model time is 6.500000e-05 secs, current runtime is 18.38 seconds. 1200000 active neutrons, 28016844 fissions, releasing 5.603369e+09 MeV and 8.965390e-04 Joules
Timestep: 6600, model time is 6.600000e-05 secs, current runtime is 18.66 seconds. 1200000 active neutrons, 28450692 fissions, releasing 5.690138e+09 MeV and 9.104221e-04 Joules
Timestep: 6700, model time is 6.700000e-05 secs, current runtime is 18.94 seconds. 1200000 active neutrons, 28880220 fissions, releasing 5.776044e+09 MeV and 9.241670e-04 Joules
Timestep: 6800, model time is 6.800000e-05 secs, current runtime is 19.23 seconds. 1200000 active neutrons, 29309664 fissions, releasing 5.861933e+09 MeV and 9.379092e-04 Joules
Timestep: 6900, model time is 6.900000e-05 secs, current runtime is 19.51 seconds. 1200000 active neutrons, 29734512 fissions, releasing 5.946902e+09 MeV and 9.515044e-04 Joules
Timestep: 7000, model time is 7.000000e-05 secs, current runtime is 19.79 seconds. 1200000 active neutrons, 30164280 fissions, releasing 6.032856e+09 MeV and 9.652570e-04 Joules
Timestep: 7100, model time is 7.100000e-05 secs, current runtime is 20.07 seconds. 1200000 active neutrons, 30593844 fissions, releasing 6.118769e+09 MeV and 9.790030e-04 Joules
Timestep: 7200, model time is 7.200000e-05 secs, current runtime is 20.35 seconds. 1200000 active neutrons, 31027116 fissions, releasing 6.205423e+09 MeV and 9.928677e-04 Joules
Timestep: 7300, model time is 7.300000e-05 secs, current runtime is 20.63 seconds. 1200000 active neutrons, 31457796 fissions, releasing 6.291559e+09 MeV and 1.006649e-03 Joules
Timestep: 7400, model time is 7.400000e-05 secs, current runtime is 20.91 seconds. 1200000 active neutrons, 31887216 fissions, releasing 6.377443e+09 MeV and 1.020391e-03 Joules
Timestep: 7500, model time is 7.500000e-05 secs, current runtime is 21.19 seconds. 1200000 active neutrons, 32317356 fissions, releasing 6.463471e+09 MeV and 1.034155e-03 Joules
Timestep: 7600, model time is 7.600000e-05 secs, current runtime is 21.47 seconds. 1200000 active neutrons, 32748360 fissions, releasing 6.549672e+09 MeV and 1.047948e-03 Joules
Timestep: 7700, model time is 7.700000e-05 secs, current runtime is 21.75 seconds. 1200000 active neutrons, 33186276 fissions, releasing 6.637255e+09 MeV and 1.061961e-03 Joules
Timestep: 7800, model time is 7.800000e-05 secs, current runtime is 22.03 seconds. 1200000 active neutrons, 33618120 fissions, releasing 6.723624e+09 MeV and 1.075780e-03 Joules
Timestep: 7900, model time is 7.900000e-05 secs, current runtime is 22.31 seconds. 1200000 active neutrons, 34051656 fissions, releasing 6.810331e+09 MeV and 1.089653e-03 Joules
Timestep: 8000, model time is 8.000000e-05 secs, current runtime is 22.60 seconds. 1200000 active neutrons, 34482444 fissions, releasing 6.896489e+09 MeV and 1.103438e-03 Joules
Timestep: 8100, model time is 8.100000e-05 secs, current runtime is 22.88 seconds. 1200000 active neutrons, 34909800 fissions, releasing 6.981960e+09 MeV and 1.117114e-03 Joules
Timestep: 8200, model time is 8.200000e-05 secs, current runtime is 23.16 seconds. 1200000 active neutrons, 35342472 fissions, releasing 7.068494e+09 MeV and 1.130959e-03 Joules
Timestep: 8300, model time is 8.300000e-05 secs, current runtime is 23.44 seconds. 1200000 active neutrons, 35774280 fissions, releasing 7.154856e+09 MeV and 1.144777e-03 Joules
Timestep: 8400, model time is 8.400000e-05 secs, current runtime is 23.72 seconds. 1200000 active neutrons, 36202128 fissions, releasing 7.240426e+09 MeV and 1.158468e-03 Joules
Timestep: 8500, model time is 8.500000e-05 secs, current runtime is 24.00 seconds. 1200000 active neutrons, 36632544 fissions, releasing 7.326509e+09 MeV and 1.172241e-03 Joules
Timestep: 8600, model time is 8.600000e-05 secs, current runtime is 24.28 seconds. 1200000 active neutrons, 37063344 fissions, releasing 7.412669e+09 MeV and 1.186027e-03 Joules
Timestep: 8700, model time is 8.700000e-05 secs, current runtime is 24.56 seconds. 1200000 active neutrons, 37498392 fissions, releasing 7.499678e+09 MeV and 1.199949e-03 Joules
Timestep: 8800, model time is 8.800000e-05 secs, current runtime is 24.84 seconds. 1200000 active neutrons, 37929600 fissions, releasing 7.585920e+09 MeV and 1.213747e-03 Joules
Timestep: 8900, model time is 8.900000e-05 secs, current runtime is 25.12 seconds. 1200000 active neutrons, 38361972 fissions, releasing 7.672394e+09 MeV and 1.227583e-03 Joules
Timestep: 9000, model time is 9.000000e-05 secs, current runtime is 25.40 seconds. 1200000 active neutrons, 38794836 fissions, releasing 7.758967e+09 MeV and 1.241435e-03 Joules
Timestep: 9100, model time is 9.100000e-05 secs, current runtime is 25.68 seconds. 1200000 active neutrons, 39228216 fissions, releasing 7.845643e+09 MeV and 1.255303e-03 Joules
Timestep: 9200, model time is 9.200000e-05 secs, current runtime is 25.96 seconds. 1200000 active neutrons, 39658644 fissions, releasing 7.931729e+09 MeV and 1.269077e-03 Joules
Timestep: 9300, model time is 9.300000e-05 secs, current runtime is 26.24 seconds. 1200000 active neutrons, 40092684 fissions, releasing 8.018537e+09 MeV and 1.282966e-03 Joules
Timestep: 9400, model time is 9.400000e-05 secs, current runtime is 26.53 seconds. 1200000 active neutrons, 40518528 fissions, releasing 8.103706e+09 MeV and 1.296593e-03 Joules
Timestep: 9500, model time is 9.500000e-05 secs, current runtime is 26.81 seconds. 1200000 active neutrons, 40952724 fissions, releasing 8.190545e+09 MeV and 1.310487e-03 Joules
Timestep: 9600, model time is 9.600000e-05 secs, current runtime is 27.09 seconds. 1200000 active neutrons, 41384724 fissions, releasing 8.276945e+09 MeV and 1.324311e-03 Joules
Timestep: 9700, model time is 9.700000e-05 secs, current runtime is 27.37 seconds. 1200000 active neutrons, 41814036 fissions, releasing 8.362807e+09 MeV and 1.338049e-03 Joules
Timestep: 9800, model time is 9.800000e-05 secs, current runtime is 27.65 seconds. 1200000 active neutrons, 42241260 fissions, releasing 8.448252e+09 MeV and 1.351720e-03 Joules
Timestep: 9900, model time is 9.900000e-05 secs, current runtime is 27.93 seconds. 1200000 active neutrons, 42673416 fissions, releasing 8.534683e+09 MeV and 1.365549e-03 Joules
------------------------------------------------------------------------------------------------
Model completed after 10000 timesteps
Total model time: 0.000100 secs
Total fissions: 43098756 releasing 8.619751e+09 MeV and 1.379160e-03 Joules
Total runtime: 28.21 seconds
